<?xml version="1.0" encoding="UTF-8"?>
<!-- Generated by org.testng.reporters.JUnitReportReporter -->
<testsuite hostname="shiantu" failures="0" tests="1" name="com.automation.testcases.LoginTest" time="2.774" errors="0" timestamp="2021-12-26T13:34:24 IST" skipped="0">
  <testcase classname="com.automation.testcases.LoginTest" name="loginApp" time="2.774"/>
  <system-out/>
</testsuite> <!-- com.automation.testcases.LoginTest -->
